{"/Users/apple/Documents/public_html/sc/src/App.vue": {"path":"/Users/apple/Documents/public_html/sc/src/App.vue","statementMap":{"0":{"start":{"line":10,"column":0},"end":{"line":null,"column":-1}},"1":{"start":{"line":11,"column":0},"end":{"line":null,"column":-1}}},"fnMap":{},"branchMap":{},"s":{"0":0,"1":0},"f":{},"b":{}}
,"/Users/apple/Documents/public_html/sc/src/components/Footer.vue": {"path":"/Users/apple/Documents/public_html/sc/src/components/Footer.vue","statementMap":{"0":{"start":{"line":13,"column":0},"end":{"line":null,"column":-1}}},"fnMap":{},"branchMap":{},"s":{"0":0},"f":{},"b":{}}
,"/Users/apple/Documents/public_html/sc/src/components/Header.vue": {"path":"/Users/apple/Documents/public_html/sc/src/components/Header.vue","statementMap":{"0":{"start":{"line":29,"column":0},"end":{"line":null,"column":-1}},"1":{"start":{"line":33,"column":0},"end":{"line":null,"column":-1}}},"fnMap":{},"branchMap":{},"s":{"0":0,"1":0},"f":{},"b":{}}
,"/Users/apple/Documents/public_html/sc/src/components/HelloWorld.vue": {"path":"/Users/apple/Documents/public_html/sc/src/components/HelloWorld.vue","statementMap":{"0":{"start":{"line":11,"column":0},"end":{"line":null,"column":-1}}},"fnMap":{},"branchMap":{},"s":{"0":0},"f":{},"b":{}}
,"/Users/apple/Documents/public_html/sc/src/components/Home.vue": {"path":"/Users/apple/Documents/public_html/sc/src/components/Home.vue","statementMap":{"0":{"start":{"line":62,"column":0},"end":{"line":null,"column":-1}},"1":{"start":{"line":63,"column":0},"end":{"line":null,"column":-1}},"2":{"start":{"line":64,"column":0},"end":{"line":null,"column":-1}},"3":{"start":{"line":66,"column":0},"end":{"line":null,"column":-1}},"4":{"start":{"line":67,"column":0},"end":{"line":null,"column":-1}},"5":{"start":{"line":68,"column":0},"end":{"line":null,"column":-1}},"6":{"start":{"line":70,"column":0},"end":{"line":null,"column":-1}},"7":{"start":{"line":78,"column":0},"end":{"line":null,"column":-1}},"8":{"start":{"line":79,"column":0},"end":{"line":null,"column":-1}}},"fnMap":{},"branchMap":{},"s":{"0":0,"1":0,"2":0,"3":0,"4":0,"5":0,"6":0,"7":0,"8":0},"f":{},"b":{}}
,"/Users/apple/Documents/public_html/sc/src/components/Multi.vue": {"path":"/Users/apple/Documents/public_html/sc/src/components/Multi.vue","statementMap":{"0":{"start":{"line":283,"column":0},"end":{"line":null,"column":-1}},"1":{"start":{"line":284,"column":0},"end":{"line":null,"column":-1}},"2":{"start":{"line":285,"column":0},"end":{"line":null,"column":-1}},"3":{"start":{"line":287,"column":0},"end":{"line":null,"column":-1}},"4":{"start":{"line":288,"column":0},"end":{"line":null,"column":-1}},"5":{"start":{"line":289,"column":0},"end":{"line":null,"column":-1}},"6":{"start":{"line":291,"column":0},"end":{"line":null,"column":-1}},"7":{"start":{"line":299,"column":0},"end":{"line":301,"column":0}},"8":{"start":{"line":300,"column":0},"end":{"line":null,"column":-1}},"9":{"start":{"line":302,"column":0},"end":{"line":305,"column":0}},"10":{"start":{"line":303,"column":0},"end":{"line":null,"column":-1}},"11":{"start":{"line":304,"column":0},"end":{"line":null,"column":-1}},"12":{"start":{"line":306,"column":0},"end":{"line":308,"column":0}},"13":{"start":{"line":307,"column":0},"end":{"line":null,"column":-1}},"14":{"start":{"line":309,"column":0},"end":{"line":311,"column":0}},"15":{"start":{"line":310,"column":0},"end":{"line":null,"column":-1}},"16":{"start":{"line":312,"column":0},"end":{"line":314,"column":0}},"17":{"start":{"line":313,"column":0},"end":{"line":null,"column":-1}},"18":{"start":{"line":315,"column":0},"end":{"line":317,"column":0}},"19":{"start":{"line":316,"column":0},"end":{"line":null,"column":-1}},"20":{"start":{"line":318,"column":0},"end":{"line":320,"column":0}},"21":{"start":{"line":319,"column":0},"end":{"line":null,"column":-1}},"22":{"start":{"line":321,"column":0},"end":{"line":323,"column":0}},"23":{"start":{"line":322,"column":0},"end":{"line":null,"column":-1}}},"fnMap":{"0":{"name":"(anonymous_1)","decl":{"start":{"line":299,"column":0},"end":{"line":null,"column":-1}},"loc":{"start":{"line":299,"column":0},"end":{"line":301,"column":0}}},"1":{"name":"(anonymous_2)","decl":{"start":{"line":302,"column":0},"end":{"line":null,"column":-1}},"loc":{"start":{"line":302,"column":0},"end":{"line":305,"column":0}}},"2":{"name":"(anonymous_3)","decl":{"start":{"line":306,"column":0},"end":{"line":null,"column":-1}},"loc":{"start":{"line":306,"column":0},"end":{"line":308,"column":0}}},"3":{"name":"(anonymous_4)","decl":{"start":{"line":309,"column":0},"end":{"line":null,"column":-1}},"loc":{"start":{"line":309,"column":0},"end":{"line":311,"column":0}}},"4":{"name":"(anonymous_5)","decl":{"start":{"line":312,"column":0},"end":{"line":null,"column":-1}},"loc":{"start":{"line":312,"column":0},"end":{"line":314,"column":0}}},"5":{"name":"(anonymous_6)","decl":{"start":{"line":315,"column":0},"end":{"line":null,"column":-1}},"loc":{"start":{"line":315,"column":0},"end":{"line":317,"column":0}}},"6":{"name":"(anonymous_7)","decl":{"start":{"line":318,"column":0},"end":{"line":null,"column":-1}},"loc":{"start":{"line":318,"column":0},"end":{"line":320,"column":0}}},"7":{"name":"(anonymous_8)","decl":{"start":{"line":321,"column":0},"end":{"line":null,"column":-1}},"loc":{"start":{"line":321,"column":0},"end":{"line":323,"column":0}}}},"branchMap":{},"s":{"0":0,"1":0,"2":0,"3":0,"4":0,"5":0,"6":0,"7":0,"8":0,"9":0,"10":0,"11":0,"12":0,"13":0,"14":0,"15":0,"16":0,"17":0,"18":0,"19":0,"20":0,"21":0,"22":0,"23":0},"f":{"0":0,"1":0,"2":0,"3":0,"4":0,"5":0,"6":0,"7":0},"b":{}}
}
