TN:
SF:/Users/apple/Documents/public_html/sc/src/App.vue
FNF:0
FNH:0
DA:10,0
DA:11,0
LF:2
LH:0
BRF:0
BRH:0
end_of_record
TN:
SF:/Users/apple/Documents/public_html/sc/src/components/Footer.vue
FNF:0
FNH:0
DA:13,0
LF:1
LH:0
BRF:0
BRH:0
end_of_record
TN:
SF:/Users/apple/Documents/public_html/sc/src/components/Header.vue
FNF:0
FNH:0
DA:29,0
DA:33,0
LF:2
LH:0
BRF:0
BRH:0
end_of_record
TN:
SF:/Users/apple/Documents/public_html/sc/src/components/HelloWorld.vue
FNF:0
FNH:0
DA:11,0
LF:1
LH:0
BRF:0
BRH:0
end_of_record
TN:
SF:/Users/apple/Documents/public_html/sc/src/components/Home.vue
FNF:0
FNH:0
DA:62,0
DA:63,0
DA:64,0
DA:66,0
DA:67,0
DA:68,0
DA:70,0
DA:78,0
DA:79,0
LF:9
LH:0
BRF:0
BRH:0
end_of_record
TN:
SF:/Users/apple/Documents/public_html/sc/src/components/Multi.vue
FN:299,(anonymous_1)
FN:302,(anonymous_2)
FN:306,(anonymous_3)
FN:309,(anonymous_4)
FN:312,(anonymous_5)
FN:315,(anonymous_6)
FN:318,(anonymous_7)
FN:321,(anonymous_8)
FNF:8
FNH:0
FNDA:0,(anonymous_1)
FNDA:0,(anonymous_2)
FNDA:0,(anonymous_3)
FNDA:0,(anonymous_4)
FNDA:0,(anonymous_5)
FNDA:0,(anonymous_6)
FNDA:0,(anonymous_7)
FNDA:0,(anonymous_8)
DA:283,0
DA:284,0
DA:285,0
DA:287,0
DA:288,0
DA:289,0
DA:291,0
DA:299,0
DA:300,0
DA:302,0
DA:303,0
DA:304,0
DA:306,0
DA:307,0
DA:309,0
DA:310,0
DA:312,0
DA:313,0
DA:315,0
DA:316,0
DA:318,0
DA:319,0
DA:321,0
DA:322,0
LF:24
LH:0
BRF:0
BRH:0
end_of_record
